[] [ERROR] CConnection::CConnection - establishing connection to MySQL database failed: #1045 'Access denied for user 'hc188samp78'@'193.203.39.74' (using password: YES)'
[] [ERROR] CConnection::CConnection - establishing connection to MySQL database failed: #1045 'Access denied for user 'hc188samp78'@'193.203.39.74' (using password: YES)'
[] [ERROR] CConnection::CConnection - establishing connection to MySQL database failed: #1045 'Access denied for user 'hc188samp78'@'193.203.39.74' (using password: YES)'
[] [ERROR] CConnection::CConnection - establishing connection to MySQL database failed: #1045 'Access denied for user 'hc188samp78'@'193.203.39.74' (using password: YES)'
[] [ERROR] cache_get_value_name_int: field 'AdminWarn' not found (includes\../src/Login.pwn:32)
[] [ERROR] cache_get_value_name_int: field 'LeaderWarn' not found (includes\../src/Login.pwn:33)
[] [ERROR] cache_get_value_name_int: field 'HelperWarn' not found (includes\../src/Login.pwn:34)
[] [ERROR] cache_get_value_name_int: field 'DailyQuesht' not found (includes\../src/Login.pwn:72)
[] [ERROR] cache_get_value_name_int: field 'AdminWarn' not found (includes\../src/Login.pwn:32)
[] [ERROR] cache_get_value_name_int: field 'LeaderWarn' not found (includes\../src/Login.pwn:33)
[] [ERROR] cache_get_value_name_int: field 'HelperWarn' not found (includes\../src/Login.pwn:34)
[] [ERROR] cache_get_value_name_int: field 'DailyQuesht' not found (includes\../src/Login.pwn:72)
[] [ERROR] cache_get_value_name_int: field 'AdminWarn' not found (includes\../src/Login.pwn:32)
[] [ERROR] cache_get_value_name_int: field 'LeaderWarn' not found (includes\../src/Login.pwn:33)
[] [ERROR] cache_get_value_name_int: field 'HelperWarn' not found (includes\../src/Login.pwn:34)
[] [ERROR] cache_get_value_name_int: field 'DailyQuesht' not found (includes\../src/Login.pwn:72)
[] [ERROR] cache_get_value_name_int: field 'AdminWarn' not found (includes\../src/Login.pwn:32)
[] [ERROR] cache_get_value_name_int: field 'LeaderWarn' not found (includes\../src/Login.pwn:33)
[] [ERROR] cache_get_value_name_int: field 'HelperWarn' not found (includes\../src/Login.pwn:34)
[] [ERROR] cache_get_value_name_int: field 'DailyQuesht' not found (includes\../src/Login.pwn:72)
[] [ERROR] cache_get_value_name_int: field 'AdminWarn' not found (includes\../src/Login.pwn:32)
[] [ERROR] cache_get_value_name_int: field 'LeaderWarn' not found (includes\../src/Login.pwn:33)
[] [ERROR] cache_get_value_name_int: field 'HelperWarn' not found (includes\../src/Login.pwn:34)
[] [ERROR] cache_get_value_name_int: field 'DailyQuesht' not found (includes\../src/Login.pwn:72)
[] [ERROR] cache_get_value_name_int: field 'AdminWarn' not found (includes\../src/Login.pwn:32)
[] [ERROR] cache_get_value_name_int: field 'LeaderWarn' not found (includes\../src/Login.pwn:33)
[] [ERROR] cache_get_value_name_int: field 'HelperWarn' not found (includes\../src/Login.pwn:34)
[] [ERROR] cache_get_value_name_int: field 'DailyQuesht' not found (includes\../src/Login.pwn:72)
[] [ERROR] cache_get_value_name_int: field 'AdminWarn' not found (includes\../src/Login.pwn:32)
[] [ERROR] cache_get_value_name_int: field 'LeaderWarn' not found (includes\../src/Login.pwn:33)
[] [ERROR] cache_get_value_name_int: field 'HelperWarn' not found (includes\../src/Login.pwn:34)
[] [ERROR] cache_get_value_name_int: field 'DailyQuesht' not found (includes\../src/Login.pwn:72)
[] [ERROR] cache_get_value_name_int: field 'AdminWarn' not found (includes\../src/Login.pwn:32)
[] [ERROR] cache_get_value_name_int: field 'LeaderWarn' not found (includes\../src/Login.pwn:33)
[] [ERROR] cache_get_value_name_int: field 'HelperWarn' not found (includes\../src/Login.pwn:34)
[] [ERROR] cache_get_value_name_int: field 'DailyQuesht' not found (includes\../src/Login.pwn:72)
[] [ERROR] cache_get_value_name_int: field 'AdminWarn' not found (includes\../src/Login.pwn:32)
[] [ERROR] cache_get_value_name_int: field 'LeaderWarn' not found (includes\../src/Login.pwn:33)
[] [ERROR] cache_get_value_name_int: field 'HelperWarn' not found (includes\../src/Login.pwn:34)
[] [ERROR] cache_get_value_name_int: field 'DailyQuesht' not found (includes\../src/Login.pwn:72)
[] [ERROR] cache_get_value_name_int: field 'AdminWarn' not found (includes\../src/Login.pwn:32)
[] [ERROR] cache_get_value_name_int: field 'LeaderWarn' not found (includes\../src/Login.pwn:33)
[] [ERROR] cache_get_value_name_int: field 'HelperWarn' not found (includes\../src/Login.pwn:34)
[] [ERROR] cache_get_value_name_int: field 'DailyQuesht' not found (includes\../src/Login.pwn:72)
[] [ERROR] cache_get_value_name_int: field 'AdminWarn' not found (includes\../src/Login.pwn:32)
[] [ERROR] cache_get_value_name_int: field 'LeaderWarn' not found (includes\../src/Login.pwn:33)
[] [ERROR] cache_get_value_name_int: field 'HelperWarn' not found (includes\../src/Login.pwn:34)
[] [ERROR] cache_get_value_name_int: field 'DailyQuesht' not found (includes\../src/Login.pwn:72)
[] [ERROR] cache_get_value_name_int: field 'AdminWarn' not found (includes\../src/Login.pwn:32)
[] [ERROR] cache_get_value_name_int: field 'LeaderWarn' not found (includes\../src/Login.pwn:33)
[] [ERROR] cache_get_value_name_int: field 'HelperWarn' not found (includes\../src/Login.pwn:34)
[] [ERROR] cache_get_value_name_int: field 'DailyQuesht' not found (includes\../src/Login.pwn:72)
[] [ERROR] cache_get_value_name_int: field 'AdminWarn' not found (includes\../src/Login.pwn:32)
[] [ERROR] cache_get_value_name_int: field 'LeaderWarn' not found (includes\../src/Login.pwn:33)
[] [ERROR] cache_get_value_name_int: field 'HelperWarn' not found (includes\../src/Login.pwn:34)
[] [ERROR] cache_get_value_name_int: field 'DailyQuesht' not found (includes\../src/Login.pwn:72)
[] [ERROR] cache_get_value_name_int: field 'AdminWarn' not found (includes\../src/Login.pwn:32)
[] [ERROR] cache_get_value_name_int: field 'LeaderWarn' not found (includes\../src/Login.pwn:33)
[] [ERROR] cache_get_value_name_int: field 'HelperWarn' not found (includes\../src/Login.pwn:34)
[] [ERROR] cache_get_value_name_int: field 'DailyQuesht' not found (includes\../src/Login.pwn:72)
[] [ERROR] cache_get_value_name_int: field 'AdminWarn' not found (includes\../src/Login.pwn:32)
[] [ERROR] cache_get_value_name_int: field 'LeaderWarn' not found (includes\../src/Login.pwn:33)
[] [ERROR] cache_get_value_name_int: field 'HelperWarn' not found (includes\../src/Login.pwn:34)
[] [ERROR] cache_get_value_name_int: field 'DailyQuesht' not found (includes\../src/Login.pwn:72)
[] [ERROR] cache_get_value_name_int: field 'AdminWarn' not found (includes\../src/Login.pwn:32)
[] [ERROR] cache_get_value_name_int: field 'LeaderWarn' not found (includes\../src/Login.pwn:33)
[] [ERROR] cache_get_value_name_int: field 'HelperWarn' not found (includes\../src/Login.pwn:34)
[] [ERROR] cache_get_value_name_int: field 'DailyQuesht' not found (includes\../src/Login.pwn:72)
[] [ERROR] cache_get_value_name_int: field 'AdminWarn' not found (includes\../src/Login.pwn:32)
[] [ERROR] cache_get_value_name_int: field 'LeaderWarn' not found (includes\../src/Login.pwn:33)
[] [ERROR] cache_get_value_name_int: field 'HelperWarn' not found (includes\../src/Login.pwn:34)
[] [ERROR] cache_get_value_name_int: field 'DailyQuesht' not found (includes\../src/Login.pwn:72)
[] [ERROR] cache_get_value_name_int: field 'AdminWarn' not found (includes\../src/Login.pwn:32)
[] [ERROR] cache_get_value_name_int: field 'LeaderWarn' not found (includes\../src/Login.pwn:33)
[] [ERROR] cache_get_value_name_int: field 'HelperWarn' not found (includes\../src/Login.pwn:34)
[] [ERROR] cache_get_value_name_int: field 'DailyQuesht' not found (includes\../src/Login.pwn:72)
[] [ERROR] cache_get_value_name_int: field 'AdminWarn' not found (includes\../src/Login.pwn:32)
[] [ERROR] cache_get_value_name_int: field 'LeaderWarn' not found (includes\../src/Login.pwn:33)
[] [ERROR] cache_get_value_name_int: field 'HelperWarn' not found (includes\../src/Login.pwn:34)
[] [ERROR] cache_get_value_name_int: field 'DailyQuesht' not found (includes\../src/Login.pwn:72)
[] [ERROR] cache_get_value_name_int: field 'AdminWarn' not found (includes\../src/Login.pwn:32)
[] [ERROR] cache_get_value_name_int: field 'LeaderWarn' not found (includes\../src/Login.pwn:33)
[] [ERROR] cache_get_value_name_int: field 'HelperWarn' not found (includes\../src/Login.pwn:34)
[] [ERROR] cache_get_value_name_int: field 'DailyQuesht' not found (includes\../src/Login.pwn:72)
[] [ERROR] cache_get_value_name_int: field 'AdminWarn' not found (includes\../src/Login.pwn:32)
[] [ERROR] cache_get_value_name_int: field 'LeaderWarn' not found (includes\../src/Login.pwn:33)
[] [ERROR] cache_get_value_name_int: field 'HelperWarn' not found (includes\../src/Login.pwn:34)
[] [ERROR] cache_get_value_name_int: field 'DailyQuesht' not found (includes\../src/Login.pwn:72)
[] [ERROR] cache_get_value_name_int: field 'AdminWarn' not found (includes\../src/Login.pwn:32)
[] [ERROR] cache_get_value_name_int: field 'LeaderWarn' not found (includes\../src/Login.pwn:33)
[] [ERROR] cache_get_value_name_int: field 'HelperWarn' not found (includes\../src/Login.pwn:34)
[] [ERROR] cache_get_value_name_int: field 'DailyQuesht' not found (includes\../src/Login.pwn:72)
[] [ERROR] cache_get_value_name_int: field 'AdminWarn' not found (includes\../src/Login.pwn:32)
[] [ERROR] cache_get_value_name_int: field 'LeaderWarn' not found (includes\../src/Login.pwn:33)
[] [ERROR] cache_get_value_name_int: field 'HelperWarn' not found (includes\../src/Login.pwn:34)
[] [ERROR] cache_get_value_name_int: field 'DailyQuesht' not found (includes\../src/Login.pwn:72)
[] [ERROR] cache_get_value_name_int: field 'AdminWarn' not found (includes\../src/Login.pwn:32)
[] [ERROR] cache_get_value_name_int: field 'LeaderWarn' not found (includes\../src/Login.pwn:33)
[] [ERROR] cache_get_value_name_int: field 'HelperWarn' not found (includes\../src/Login.pwn:34)
[] [ERROR] cache_get_value_name_int: field 'DailyQuesht' not found (includes\../src/Login.pwn:72)
[] [ERROR] cache_get_value_name_int: field 'AdminWarn' not found (includes\../src/Login.pwn:32)
[] [ERROR] cache_get_value_name_int: field 'LeaderWarn' not found (includes\../src/Login.pwn:33)
[] [ERROR] cache_get_value_name_int: field 'HelperWarn' not found (includes\../src/Login.pwn:34)
[] [ERROR] cache_get_value_name_int: field 'DailyQuesht' not found (includes\../src/Login.pwn:72)
[] [ERROR] cache_get_value_name_int: field 'AdminWarn' not found (includes\../src/Login.pwn:32)
[] [ERROR] cache_get_value_name_int: field 'LeaderWarn' not found (includes\../src/Login.pwn:33)
[] [ERROR] cache_get_value_name_int: field 'HelperWarn' not found (includes\../src/Login.pwn:34)
[] [ERROR] cache_get_value_name_int: field 'DailyQuesht' not found (includes\../src/Login.pwn:72)
[] [ERROR] cache_get_value_name_int: field 'AdminWarn' not found (includes\../src/Login.pwn:32)
[] [ERROR] cache_get_value_name_int: field 'LeaderWarn' not found (includes\../src/Login.pwn:33)
[] [ERROR] cache_get_value_name_int: field 'HelperWarn' not found (includes\../src/Login.pwn:34)
[] [ERROR] cache_get_value_name_int: field 'DailyQuesht' not found (includes\../src/Login.pwn:72)
[] [ERROR] cache_get_value_name_int: field 'AdminWarn' not found (includes\../src/Login.pwn:32)
[] [ERROR] cache_get_value_name_int: field 'LeaderWarn' not found (includes\../src/Login.pwn:33)
[] [ERROR] cache_get_value_name_int: field 'HelperWarn' not found (includes\../src/Login.pwn:34)
[] [ERROR] cache_get_value_name_int: field 'DailyQuesht' not found (includes\../src/Login.pwn:72)
[] [ERROR] cache_get_value_name_int: field 'AdminWarn' not found (includes\../src/Login.pwn:32)
[] [ERROR] cache_get_value_name_int: field 'LeaderWarn' not found (includes\../src/Login.pwn:33)
[] [ERROR] cache_get_value_name_int: field 'HelperWarn' not found (includes\../src/Login.pwn:34)
[] [ERROR] cache_get_value_name_int: field 'DailyQuesht' not found (includes\../src/Login.pwn:72)
[] [ERROR] cache_get_value_name_int: field 'AdminWarn' not found (includes\../src/Login.pwn:32)
[] [ERROR] cache_get_value_name_int: field 'LeaderWarn' not found (includes\../src/Login.pwn:33)
[] [ERROR] cache_get_value_name_int: field 'HelperWarn' not found (includes\../src/Login.pwn:34)
[] [ERROR] cache_get_value_name_int: field 'DailyQuesht' not found (includes\../src/Login.pwn:72)
[] [ERROR] cache_get_value_name_int: field 'AdminWarn' not found (includes\../src/Login.pwn:32)
[] [ERROR] cache_get_value_name_int: field 'LeaderWarn' not found (includes\../src/Login.pwn:33)
[] [ERROR] cache_get_value_name_int: field 'HelperWarn' not found (includes\../src/Login.pwn:34)
[] [ERROR] cache_get_value_name_int: field 'DailyQuesht' not found (includes\../src/Login.pwn:72)
[] [ERROR] cache_get_value_name_int: field 'AdminWarn' not found (includes\../src/Login.pwn:32)
[] [ERROR] cache_get_value_name_int: field 'LeaderWarn' not found (includes\../src/Login.pwn:33)
[] [ERROR] cache_get_value_name_int: field 'HelperWarn' not found (includes\../src/Login.pwn:34)
[] [ERROR] cache_get_value_name_int: field 'DailyQuesht' not found (includes\../src/Login.pwn:72)
[] [ERROR] cache_get_value_name_int: field 'AdminWarn' not found (includes\../src/Login.pwn:32)
[] [ERROR] cache_get_value_name_int: field 'LeaderWarn' not found (includes\../src/Login.pwn:33)
[] [ERROR] cache_get_value_name_int: field 'HelperWarn' not found (includes\../src/Login.pwn:34)
[] [ERROR] cache_get_value_name_int: field 'DailyQuesht' not found (includes\../src/Login.pwn:72)
[] [ERROR] cache_get_value_name_int: field 'AdminWarn' not found (includes\../src/Login.pwn:32)
[] [ERROR] cache_get_value_name_int: field 'LeaderWarn' not found (includes\../src/Login.pwn:33)
[] [ERROR] cache_get_value_name_int: field 'HelperWarn' not found (includes\../src/Login.pwn:34)
[] [ERROR] cache_get_value_name_int: field 'DailyQuesht' not found (includes\../src/Login.pwn:72)
[] [ERROR] cache_get_value_name_int: field 'AdminWarn' not found (includes\../src/Login.pwn:32)
[] [ERROR] cache_get_value_name_int: field 'LeaderWarn' not found (includes\../src/Login.pwn:33)
[] [ERROR] cache_get_value_name_int: field 'HelperWarn' not found (includes\../src/Login.pwn:34)
[] [ERROR] cache_get_value_name_int: field 'DailyQuesht' not found (includes\../src/Login.pwn:72)
[] [ERROR] cache_get_value_name_int: field 'AdminWarn' not found (includes\../src/Login.pwn:32)
[] [ERROR] cache_get_value_name_int: field 'LeaderWarn' not found (includes\../src/Login.pwn:33)
[] [ERROR] cache_get_value_name_int: field 'HelperWarn' not found (includes\../src/Login.pwn:34)
[] [ERROR] cache_get_value_name_int: field 'DailyQuesht' not found (includes\../src/Login.pwn:72)
[] [ERROR] cache_get_value_name_int: field 'YouTube' not found (includes\../src/Login.pwn:96)
[] [ERROR] cache_get_value_name_int: field 'AdminWarn' not found (includes\../src/Login.pwn:32)
[] [ERROR] cache_get_value_name_int: field 'LeaderWarn' not found (includes\../src/Login.pwn:33)
[] [ERROR] cache_get_value_name_int: field 'HelperWarn' not found (includes\../src/Login.pwn:34)
[] [ERROR] cache_get_value_name_int: field 'DailyQuesht' not found (includes\../src/Login.pwn:72)
[] [ERROR] cache_get_value_name_int: field 'YouTube' not found (includes\../src/Login.pwn:96)
[] [ERROR] cache_get_value_name_int: field 'AdminWarn' not found (includes\../src/Login.pwn:32)
[] [ERROR] cache_get_value_name_int: field 'LeaderWarn' not found (includes\../src/Login.pwn:33)
[] [ERROR] cache_get_value_name_int: field 'HelperWarn' not found (includes\../src/Login.pwn:34)
[] [ERROR] cache_get_value_name_int: field 'DailyQuesht' not found (includes\../src/Login.pwn:72)
[] [ERROR] cache_get_value_name_int: field 'YouTube' not found (includes\../src/Login.pwn:96)
[] [ERROR] cache_get_value_name_int: field 'AdminWarn' not found (includes\../src/Login.pwn:32)
[] [ERROR] cache_get_value_name_int: field 'LeaderWarn' not found (includes\../src/Login.pwn:33)
[] [ERROR] cache_get_value_name_int: field 'HelperWarn' not found (includes\../src/Login.pwn:34)
[] [ERROR] cache_get_value_name_int: field 'DailyQuesht' not found (includes\../src/Login.pwn:72)
[] [ERROR] cache_get_value_name_int: field 'YouTube' not found (includes\../src/Login.pwn:96)
[] [ERROR] cache_get_value_name_int: field 'AdminWarn' not found (includes\../src/Login.pwn:32)
[] [ERROR] cache_get_value_name_int: field 'LeaderWarn' not found (includes\../src/Login.pwn:33)
[] [ERROR] cache_get_value_name_int: field 'HelperWarn' not found (includes\../src/Login.pwn:34)
[] [ERROR] cache_get_value_name_int: field 'DailyQuesht' not found (includes\../src/Login.pwn:72)
[] [ERROR] cache_get_value_name_int: field 'YouTube' not found (includes\../src/Login.pwn:96)
[] [ERROR] cache_get_value_name_int: field 'AdminWarn' not found (includes\../src/Login.pwn:32)
[] [ERROR] cache_get_value_name_int: field 'LeaderWarn' not found (includes\../src/Login.pwn:33)
[] [ERROR] cache_get_value_name_int: field 'HelperWarn' not found (includes\../src/Login.pwn:34)
[] [ERROR] cache_get_value_name_int: field 'DailyQuesht' not found (includes\../src/Login.pwn:72)
[] [ERROR] cache_get_value_name_int: field 'YouTube' not found (includes\../src/Login.pwn:96)
[] [ERROR] cache_get_value_name_int: field 'AdminWarn' not found (includes\../src/Login.pwn:32)
[] [ERROR] cache_get_value_name_int: field 'LeaderWarn' not found (includes\../src/Login.pwn:33)
[] [ERROR] cache_get_value_name_int: field 'HelperWarn' not found (includes\../src/Login.pwn:34)
[] [ERROR] cache_get_value_name_int: field 'DailyQuesht' not found (includes\../src/Login.pwn:72)
[] [ERROR] cache_get_value_name_int: field 'YouTube' not found (includes\../src/Login.pwn:96)
[] [ERROR] cache_get_value_name_int: field 'AdminWarn' not found (includes\../src/Login.pwn:32)
[] [ERROR] cache_get_value_name_int: field 'LeaderWarn' not found (includes\../src/Login.pwn:33)
[] [ERROR] cache_get_value_name_int: field 'HelperWarn' not found (includes\../src/Login.pwn:34)
[] [ERROR] cache_get_value_name_int: field 'DailyQuesht' not found (includes\../src/Login.pwn:72)
[] [ERROR] cache_get_value_name_int: field 'YouTube' not found (includes\../src/Login.pwn:96)
[] [ERROR] cache_get_value_name_int: field 'AdminWarn' not found (includes\../src/Login.pwn:32)
[] [ERROR] cache_get_value_name_int: field 'LeaderWarn' not found (includes\../src/Login.pwn:33)
[] [ERROR] cache_get_value_name_int: field 'HelperWarn' not found (includes\../src/Login.pwn:34)
[] [ERROR] cache_get_value_name_int: field 'DailyQuesht' not found (includes\../src/Login.pwn:72)
[] [ERROR] cache_get_value_name_int: field 'YouTube' not found (includes\../src/Login.pwn:96)
[] [ERROR] cache_get_value_name_int: field 'AdminWarn' not found (includes\../src/Login.pwn:32)
[] [ERROR] cache_get_value_name_int: field 'LeaderWarn' not found (includes\../src/Login.pwn:33)
[] [ERROR] cache_get_value_name_int: field 'HelperWarn' not found (includes\../src/Login.pwn:34)
[] [ERROR] cache_get_value_name_int: field 'DailyQuesht' not found (includes\../src/Login.pwn:72)
[] [ERROR] cache_get_value_name_int: field 'YouTube' not found (includes\../src/Login.pwn:96)
[] [ERROR] cache_get_value_name_int: field 'AdminWarn' not found (includes\../src/Login.pwn:32)
[] [ERROR] cache_get_value_name_int: field 'LeaderWarn' not found (includes\../src/Login.pwn:33)
[] [ERROR] cache_get_value_name_int: field 'HelperWarn' not found (includes\../src/Login.pwn:34)
[] [ERROR] cache_get_value_name_int: field 'DailyQuesht' not found (includes\../src/Login.pwn:72)
[] [ERROR] cache_get_value_name_int: field 'YouTube' not found (includes\../src/Login.pwn:96)
[] [ERROR] cache_get_value_name_int: field 'AdminWarn' not found (includes\../src/Login.pwn:32)
[] [ERROR] cache_get_value_name_int: field 'LeaderWarn' not found (includes\../src/Login.pwn:33)
[] [ERROR] cache_get_value_name_int: field 'HelperWarn' not found (includes\../src/Login.pwn:34)
[] [ERROR] cache_get_value_name_int: field 'DailyQuesht' not found (includes\../src/Login.pwn:72)
[] [ERROR] cache_get_value_name_int: field 'YouTube' not found (includes\../src/Login.pwn:96)
[] [ERROR] cache_get_value_name_int: field 'AdminWarn' not found (includes\../src/Login.pwn:32)
[] [ERROR] cache_get_value_name_int: field 'LeaderWarn' not found (includes\../src/Login.pwn:33)
[] [ERROR] cache_get_value_name_int: field 'HelperWarn' not found (includes\../src/Login.pwn:34)
[] [ERROR] cache_get_value_name_int: field 'DailyQuesht' not found (includes\../src/Login.pwn:72)
[] [ERROR] cache_get_value_name_int: field 'YouTube' not found (includes\../src/Login.pwn:96)
[] [ERROR] cache_get_value_name_int: field 'AdminWarn' not found (includes\../src/Login.pwn:32)
[] [ERROR] cache_get_value_name_int: field 'LeaderWarn' not found (includes\../src/Login.pwn:33)
[] [ERROR] cache_get_value_name_int: field 'HelperWarn' not found (includes\../src/Login.pwn:34)
[] [ERROR] cache_get_value_name_int: field 'DailyQuesht' not found (includes\../src/Login.pwn:72)
[] [ERROR] cache_get_value_name_int: field 'YouTube' not found (includes\../src/Login.pwn:96)
[] [ERROR] cache_get_value_name_int: field 'AdminWarn' not found (includes\../src/Login.pwn:32)
[] [ERROR] cache_get_value_name_int: field 'LeaderWarn' not found (includes\../src/Login.pwn:33)
[] [ERROR] cache_get_value_name_int: field 'HelperWarn' not found (includes\../src/Login.pwn:34)
[] [ERROR] cache_get_value_name_int: field 'DailyQuesht' not found (includes\../src/Login.pwn:72)
[] [ERROR] cache_get_value_name_int: field 'YouTube' not found (includes\../src/Login.pwn:96)
[] [ERROR] cache_get_value_name_int: field 'AdminWarn' not found (includes\../src/Login.pwn:32)
[] [ERROR] cache_get_value_name_int: field 'LeaderWarn' not found (includes\../src/Login.pwn:33)
[] [ERROR] cache_get_value_name_int: field 'HelperWarn' not found (includes\../src/Login.pwn:34)
[] [ERROR] cache_get_value_name_int: field 'DailyQuesht' not found (includes\../src/Login.pwn:72)
[] [ERROR] cache_get_value_name_int: field 'YouTube' not found (includes\../src/Login.pwn:96)
[] [ERROR] cache_get_value_name_int: field 'AdminWarn' not found (includes\../src/Login.pwn:32)
[] [ERROR] cache_get_value_name_int: field 'LeaderWarn' not found (includes\../src/Login.pwn:33)
[] [ERROR] cache_get_value_name_int: field 'HelperWarn' not found (includes\../src/Login.pwn:34)
[] [ERROR] cache_get_value_name_int: field 'DailyQuesht' not found (includes\../src/Login.pwn:72)
[] [ERROR] cache_get_value_name_int: field 'YouTube' not found (includes\../src/Login.pwn:96)
[] [ERROR] cache_get_value_name_int: field 'AdminWarn' not found (includes\../src/Login.pwn:32)
[] [ERROR] cache_get_value_name_int: field 'LeaderWarn' not found (includes\../src/Login.pwn:33)
[] [ERROR] cache_get_value_name_int: field 'HelperWarn' not found (includes\../src/Login.pwn:34)
[] [ERROR] cache_get_value_name_int: field 'DailyQuesht' not found (includes\../src/Login.pwn:72)
[] [ERROR] cache_get_value_name_int: field 'YouTube' not found (includes\../src/Login.pwn:96)
[] [ERROR] cache_get_value_name_int: field 'AdminWarn' not found (includes\../src/Login.pwn:32)
[] [ERROR] cache_get_value_name_int: field 'LeaderWarn' not found (includes\../src/Login.pwn:33)
[] [ERROR] cache_get_value_name_int: field 'HelperWarn' not found (includes\../src/Login.pwn:34)
[] [ERROR] cache_get_value_name_int: field 'DailyQuesht' not found (includes\../src/Login.pwn:72)
[] [ERROR] cache_get_value_name_int: field 'YouTube' not found (includes\../src/Login.pwn:96)
[] [ERROR] cache_get_value_name_int: field 'AdminWarn' not found (includes\../src/Login.pwn:32)
[] [ERROR] cache_get_value_name_int: field 'LeaderWarn' not found (includes\../src/Login.pwn:33)
[] [ERROR] cache_get_value_name_int: field 'HelperWarn' not found (includes\../src/Login.pwn:34)
[] [ERROR] cache_get_value_name_int: field 'DailyQuesht' not found (includes\../src/Login.pwn:72)
[] [ERROR] cache_get_value_name_int: field 'YouTube' not found (includes\../src/Login.pwn:96)
[] [ERROR] cache_get_value_name_int: field 'AdminWarn' not found (includes\../src/Login.pwn:32)
[] [ERROR] cache_get_value_name_int: field 'LeaderWarn' not found (includes\../src/Login.pwn:33)
[] [ERROR] cache_get_value_name_int: field 'HelperWarn' not found (includes\../src/Login.pwn:34)
[] [ERROR] cache_get_value_name_int: field 'DailyQuesht' not found (includes\../src/Login.pwn:72)
[] [ERROR] cache_get_value_name_int: field 'YouTube' not found (includes\../src/Login.pwn:96)
