[02:56:44] [plugins/mysql] cache_get_value_name_int: field 'Heal' not found (E:\rpg.red-zone.ro\compiler\include\a_mysql.inc:243 -> includes\../src/House.pwn:29)
[02:56:44] [plugins/mysql] cache_get_value_name_int: field 'Heal' not found (E:\rpg.red-zone.ro\compiler\include\a_mysql.inc:243 -> includes\../src/House.pwn:29)
[02:56:44] [plugins/mysql] cache_get_value_name_int: field 'Heal' not found (E:\rpg.red-zone.ro\compiler\include\a_mysql.inc:243 -> includes\../src/House.pwn:29)
[02:56:44] [plugins/mysql] cache_get_value_name_int: field 'Heal' not found (E:\rpg.red-zone.ro\compiler\include\a_mysql.inc:243 -> includes\../src/House.pwn:29)
[02:56:44] [plugins/mysql] cache_get_value_name_int: field 'Heal' not found (E:\rpg.red-zone.ro\compiler\include\a_mysql.inc:243 -> includes\../src/House.pwn:29)
[02:56:44] [plugins/mysql] cache_get_value_name_int: field 'Heal' not found (E:\rpg.red-zone.ro\compiler\include\a_mysql.inc:243 -> includes\../src/House.pwn:29)
[02:56:44] [plugins/mysql] cache_get_value_name_int: field 'Heal' not found (E:\rpg.red-zone.ro\compiler\include\a_mysql.inc:243 -> includes\../src/House.pwn:29)
[02:56:44] [plugins/mysql] cache_get_value_name_int: field 'Heal' not found (E:\rpg.red-zone.ro\compiler\include\a_mysql.inc:243 -> includes\../src/House.pwn:29)
[02:56:44] [plugins/mysql] cache_get_value_name_int: field 'Heal' not found (E:\rpg.red-zone.ro\compiler\include\a_mysql.inc:243 -> includes\../src/House.pwn:29)
[02:56:44] [plugins/mysql] cache_get_value_name_int: field 'Heal' not found (E:\rpg.red-zone.ro\compiler\include\a_mysql.inc:243 -> includes\../src/House.pwn:29)
[02:56:44] [plugins/mysql] cache_get_value_name_int: field 'Heal' not found (E:\rpg.red-zone.ro\compiler\include\a_mysql.inc:243 -> includes\../src/House.pwn:29)
[02:56:44] [plugins/mysql] cache_get_value_name_int: field 'Heal' not found (E:\rpg.red-zone.ro\compiler\include\a_mysql.inc:243 -> includes\../src/House.pwn:29)
[02:56:44] [plugins/mysql] cache_get_value_name_int: field 'Heal' not found (E:\rpg.red-zone.ro\compiler\include\a_mysql.inc:243 -> includes\../src/House.pwn:29)
[02:56:44] [plugins/mysql] cache_get_value_name_int: field 'Heal' not found (E:\rpg.red-zone.ro\compiler\include\a_mysql.inc:243 -> includes\../src/House.pwn:29)
[02:56:44] [plugins/mysql] cache_get_value_name_int: field 'Heal' not found (E:\rpg.red-zone.ro\compiler\include\a_mysql.inc:243 -> includes\../src/House.pwn:29)
[02:56:44] [plugins/mysql] cache_get_value_name_int: field 'Heal' not found (E:\rpg.red-zone.ro\compiler\include\a_mysql.inc:243 -> includes\../src/House.pwn:29)
[02:56:44] [plugins/mysql] cache_get_value_name_int: field 'Heal' not found (E:\rpg.red-zone.ro\compiler\include\a_mysql.inc:243 -> includes\../src/House.pwn:29)
[02:56:44] [plugins/mysql] cache_get_value_name_int: field 'Heal' not found (E:\rpg.red-zone.ro\compiler\include\a_mysql.inc:243 -> includes\../src/House.pwn:29)
[02:56:44] [plugins/mysql] cache_get_value_name_int: field 'Heal' not found (E:\rpg.red-zone.ro\compiler\include\a_mysql.inc:243 -> includes\../src/House.pwn:29)
[02:56:44] [plugins/mysql] cache_get_value_name_int: field 'Heal' not found (E:\rpg.red-zone.ro\compiler\include\a_mysql.inc:243 -> includes\../src/House.pwn:29)
[02:56:44] [plugins/mysql] cache_get_value_name_int: field 'Heal' not found (E:\rpg.red-zone.ro\compiler\include\a_mysql.inc:243 -> includes\../src/House.pwn:29)
[02:56:44] [plugins/mysql] cache_get_value_name_int: field 'Heal' not found (E:\rpg.red-zone.ro\compiler\include\a_mysql.inc:243 -> includes\../src/House.pwn:29)
[02:56:44] [plugins/mysql] cache_get_value_name_int: field 'Heal' not found (E:\rpg.red-zone.ro\compiler\include\a_mysql.inc:243 -> includes\../src/House.pwn:29)
[02:56:44] [plugins/mysql] cache_get_value_name_int: field 'Heal' not found (E:\rpg.red-zone.ro\compiler\include\a_mysql.inc:243 -> includes\../src/House.pwn:29)
[02:56:44] [plugins/mysql] cache_get_value_name_int: field 'Heal' not found (E:\rpg.red-zone.ro\compiler\include\a_mysql.inc:243 -> includes\../src/House.pwn:29)
[02:56:44] [plugins/mysql] cache_get_value_name_int: field 'Heal' not found (E:\rpg.red-zone.ro\compiler\include\a_mysql.inc:243 -> includes\../src/House.pwn:29)
[02:56:44] [plugins/mysql] cache_get_value_name_int: field 'Heal' not found (E:\rpg.red-zone.ro\compiler\include\a_mysql.inc:243 -> includes\../src/House.pwn:29)
[02:56:44] [plugins/mysql] cache_get_value_name_int: field 'Heal' not found (E:\rpg.red-zone.ro\compiler\include\a_mysql.inc:243 -> includes\../src/House.pwn:29)
[02:56:44] [plugins/mysql] cache_get_value_name_int: field 'Heal' not found (E:\rpg.red-zone.ro\compiler\include\a_mysql.inc:243 -> includes\../src/House.pwn:29)
[02:56:44] [plugins/mysql] cache_get_value_name_int: field 'Heal' not found (E:\rpg.red-zone.ro\compiler\include\a_mysql.inc:243 -> includes\../src/House.pwn:29)
[02:56:44] [plugins/mysql] cache_get_value_name_int: field 'Heal' not found (E:\rpg.red-zone.ro\compiler\include\a_mysql.inc:243 -> includes\../src/House.pwn:29)
[02:56:44] [plugins/mysql] cache_get_value_name_int: field 'Heal' not found (E:\rpg.red-zone.ro\compiler\include\a_mysql.inc:243 -> includes\../src/House.pwn:29)
[02:56:44] [plugins/mysql] cache_get_value_name_int: field 'Heal' not found (E:\rpg.red-zone.ro\compiler\include\a_mysql.inc:243 -> includes\../src/House.pwn:29)
[02:56:44] [plugins/mysql] cache_get_value_name_int: field 'Heal' not found (E:\rpg.red-zone.ro\compiler\include\a_mysql.inc:243 -> includes\../src/House.pwn:29)
[02:56:44] [plugins/mysql] cache_get_value_name_int: field 'Heal' not found (E:\rpg.red-zone.ro\compiler\include\a_mysql.inc:243 -> includes\../src/House.pwn:29)
[02:56:44] [plugins/mysql] cache_get_value_name_int: field 'Heal' not found (E:\rpg.red-zone.ro\compiler\include\a_mysql.inc:243 -> includes\../src/House.pwn:29)
[02:56:44] [plugins/mysql] cache_get_value_name_int: field 'Heal' not found (E:\rpg.red-zone.ro\compiler\include\a_mysql.inc:243 -> includes\../src/House.pwn:29)
[02:56:44] [plugins/mysql] cache_get_value_name_int: field 'Heal' not found (E:\rpg.red-zone.ro\compiler\include\a_mysql.inc:243 -> includes\../src/House.pwn:29)
[02:56:44] [plugins/mysql] cache_get_value_name_int: field 'Heal' not found (E:\rpg.red-zone.ro\compiler\include\a_mysql.inc:243 -> includes\../src/House.pwn:29)
[02:56:44] [plugins/mysql] cache_get_value_name_int: field 'Heal' not found (E:\rpg.red-zone.ro\compiler\include\a_mysql.inc:243 -> includes\../src/House.pwn:29)
[02:56:44] [plugins/mysql] cache_get_value_name_int: field 'Heal' not found (E:\rpg.red-zone.ro\compiler\include\a_mysql.inc:243 -> includes\../src/House.pwn:29)
[02:56:44] [plugins/mysql] cache_get_value_name_int: field 'Heal' not found (E:\rpg.red-zone.ro\compiler\include\a_mysql.inc:243 -> includes\../src/House.pwn:29)
[02:56:44] [plugins/mysql] cache_get_value_name_int: field 'Heal' not found (E:\rpg.red-zone.ro\compiler\include\a_mysql.inc:243 -> includes\../src/House.pwn:29)
[02:56:44] [plugins/mysql] cache_get_value_name_int: field 'Heal' not found (E:\rpg.red-zone.ro\compiler\include\a_mysql.inc:243 -> includes\../src/House.pwn:29)
[02:56:44] [plugins/mysql] cache_get_value_name_int: field 'Heal' not found (E:\rpg.red-zone.ro\compiler\include\a_mysql.inc:243 -> includes\../src/House.pwn:29)
[02:56:44] [plugins/mysql] cache_get_value_name_int: field 'Heal' not found (E:\rpg.red-zone.ro\compiler\include\a_mysql.inc:243 -> includes\../src/House.pwn:29)
[02:56:44] [plugins/mysql] cache_get_value_name_int: field 'Heal' not found (E:\rpg.red-zone.ro\compiler\include\a_mysql.inc:243 -> includes\../src/House.pwn:29)
[02:56:44] [plugins/mysql] cache_get_value_name_int: field 'Heal' not found (E:\rpg.red-zone.ro\compiler\include\a_mysql.inc:243 -> includes\../src/House.pwn:29)
[02:56:44] [plugins/mysql] cache_get_value_name_int: field 'Heal' not found (E:\rpg.red-zone.ro\compiler\include\a_mysql.inc:243 -> includes\../src/House.pwn:29)
[02:56:44] [plugins/mysql] cache_get_value_name_int: field 'Heal' not found (E:\rpg.red-zone.ro\compiler\include\a_mysql.inc:243 -> includes\../src/House.pwn:29)
[02:56:44] [plugins/mysql] cache_get_value_name_int: field 'Heal' not found (E:\rpg.red-zone.ro\compiler\include\a_mysql.inc:243 -> includes\../src/House.pwn:29)
[02:56:44] [plugins/mysql] cache_get_value_name_int: field 'Heal' not found (E:\rpg.red-zone.ro\compiler\include\a_mysql.inc:243 -> includes\../src/House.pwn:29)
[02:56:44] [plugins/mysql] cache_get_value_name_int: field 'Heal' not found (E:\rpg.red-zone.ro\compiler\include\a_mysql.inc:243 -> includes\../src/House.pwn:29)
[02:56:44] [plugins/mysql] cache_get_value_name_int: field 'Heal' not found (E:\rpg.red-zone.ro\compiler\include\a_mysql.inc:243 -> includes\../src/House.pwn:29)
[02:56:44] [plugins/mysql] cache_get_value_name_int: field 'Drugs' not found (includes\../src/Factions.pwn:11)
[02:56:44] [plugins/mysql] cache_get_value_name_int: field 'Mats' not found (includes\../src/Factions.pwn:12)
[02:56:44] [plugins/mysql] cache_get_value_name_int: field 'Drugs' not found (includes\../src/Factions.pwn:11)
[02:56:44] [plugins/mysql] cache_get_value_name_int: field 'Mats' not found (includes\../src/Factions.pwn:12)
[02:56:44] [plugins/mysql] cache_get_value_name_int: field 'Drugs' not found (includes\../src/Factions.pwn:11)
[02:56:44] [plugins/mysql] cache_get_value_name_int: field 'Mats' not found (includes\../src/Factions.pwn:12)
[02:56:44] [plugins/mysql] cache_get_value_name_int: field 'Drugs' not found (includes\../src/Factions.pwn:11)
[02:56:44] [plugins/mysql] cache_get_value_name_int: field 'Mats' not found (includes\../src/Factions.pwn:12)
[02:56:44] [plugins/mysql] cache_get_value_name_int: field 'Drugs' not found (includes\../src/Factions.pwn:11)
[02:56:44] [plugins/mysql] cache_get_value_name_int: field 'Mats' not found (includes\../src/Factions.pwn:12)
[02:56:44] [plugins/mysql] cache_get_value_name_int: field 'Drugs' not found (includes\../src/Factions.pwn:11)
[02:56:44] [plugins/mysql] cache_get_value_name_int: field 'Mats' not found (includes\../src/Factions.pwn:12)
[02:56:44] [plugins/mysql] cache_get_value_name_int: field 'Drugs' not found (includes\../src/Factions.pwn:11)
[02:56:44] [plugins/mysql] cache_get_value_name_int: field 'Mats' not found (includes\../src/Factions.pwn:12)
[02:56:44] [plugins/mysql] cache_get_value_name_int: field 'Drugs' not found (includes\../src/Factions.pwn:11)
[02:56:44] [plugins/mysql] cache_get_value_name_int: field 'Mats' not found (includes\../src/Factions.pwn:12)
[02:56:44] [plugins/mysql] cache_get_value_name_int: field 'Drugs' not found (includes\../src/Factions.pwn:11)
[02:56:44] [plugins/mysql] cache_get_value_name_int: field 'Mats' not found (includes\../src/Factions.pwn:12)
[02:56:44] [plugins/mysql] cache_get_value_name_int: field 'Drugs' not found (includes\../src/Factions.pwn:11)
[02:56:44] [plugins/mysql] cache_get_value_name_int: field 'Mats' not found (includes\../src/Factions.pwn:12)
[02:56:44] [plugins/mysql] cache_get_value_name_int: field 'Drugs' not found (includes\../src/Factions.pwn:11)
[02:56:44] [plugins/mysql] cache_get_value_name_int: field 'Mats' not found (includes\../src/Factions.pwn:12)
[02:56:44] [plugins/mysql] cache_get_value_name_int: field 'Drugs' not found (includes\../src/Factions.pwn:11)
[02:56:44] [plugins/mysql] cache_get_value_name_int: field 'Mats' not found (includes\../src/Factions.pwn:12)
[02:57:14] [plugins/mysql] cache_get_value_name_int: field 'MP3' not found (E:\rpg.red-zone.ro\compiler\include\a_mysql.inc:243 -> includes\../src/Login.pwn:99)
[03/30/22 02:57:36] [plugins/discord-connector] Error while processing rate-limit: already rate-limited bucket 'd6b7697c78814ecd72bb20df05517c78'
